<?xml version="1.0" encoding="UTF-8"?>
<testng-results total="1" passed="1" failed="0" skipped="0">
  <reporter-output>
  </reporter-output>
  <suite started-at="2022-05-06T06:19:33Z" name="voiceraproject.TestNgProject" finished-at="2022-05-06T06:21:07Z" duration-ms="94546">
    <groups>
    </groups>
    <test started-at="2022-05-06T06:19:33Z" name="Command line test" finished-at="2022-05-06T06:21:07Z" duration-ms="94546">
      <class name="voiceraproject.TestNgProject">
        <test-method signature="test()[pri:0, instance:voiceraproject.TestNgProject@3e2e18f2]" started-at="2022-05-06T11:49:33Z" name="test" finished-at="2022-05-06T11:51:07Z" duration-ms="94536" status="PASS">
          <reporter-output>
          </reporter-output>
        </test-method> <!-- test -->
      </class> <!-- voiceraproject.TestNgProject -->
    </test> <!-- Command line test -->
  </suite> <!-- voiceraproject.TestNgProject -->
</testng-results>
