<?xml version="1.0" encoding="UTF-8"?>
<testng-results total="1" passed="1" failed="0" skipped="0">
  <reporter-output>
  </reporter-output>
  <suite started-at="2022-05-04T08:13:24Z" name="Default suite" finished-at="2022-05-04T08:15:02Z" duration-ms="98507">
    <groups>
    </groups>
    <test started-at="2022-05-04T08:13:24Z" name="Default test" finished-at="2022-05-04T08:15:02Z" duration-ms="98507">
      <class name="voiceraproject.TestNgProject">
        <test-method signature="test()[pri:0, instance:voiceraproject.TestNgProject@71329995]" started-at="2022-05-04T13:43:24Z" name="test" finished-at="2022-05-04T13:45:02Z" duration-ms="98413" status="PASS">
          <reporter-output>
          </reporter-output>
        </test-method> <!-- test -->
      </class> <!-- voiceraproject.TestNgProject -->
    </test> <!-- Default test -->
  </suite> <!-- Default suite -->
</testng-results>
